<?xml version="1.0" encoding="UTF-8"?>
<testng-results skipped="0" failed="0" total="1" passed="1">
  <reporter-output>
  </reporter-output>
  <suite name="Default suite" duration-ms="35" started-at="2018-04-01T03:54:19Z" finished-at="2018-04-01T03:54:19Z">
    <groups>
    </groups>
    <test name="Default test" duration-ms="35" started-at="2018-04-01T03:54:19Z" finished-at="2018-04-01T03:54:19Z">
      <class name="maven_testng0401.maven_testng0401.AppTest">
        <test-method status="PASS" signature="Test()[pri:0, instance:maven_testng0401.maven_testng0401.AppTest@1e88b3c]" name="Test" duration-ms="16" started-at="2018-04-01T11:54:19Z" finished-at="2018-04-01T11:54:19Z">
          <reporter-output>
          </reporter-output>
        </test-method> <!-- Test -->
      </class> <!-- maven_testng0401.maven_testng0401.AppTest -->
    </test> <!-- Default test -->
  </suite> <!-- Default suite -->
</testng-results>
